Analysis & Synthesis report for Lab4
Thu May 02 15:15:49 2024
Quartus Prime Version 18.1.0 Build 625 09/12/2018 SJ Lite Edition


---------------------
; Table of Contents ;
---------------------
  1. Legal Notice
  2. Analysis & Synthesis Summary
  3. Analysis & Synthesis Settings
  4. Parallel Compilation
  5. Analysis & Synthesis Source Files Read
  6. Analysis & Synthesis Resource Usage Summary
  7. Analysis & Synthesis Resource Utilization by Entity
  8. Logic Cells Representing Combinational Loops
  9. General Register Statistics
 10. Inverted Register Statistics
 11. Port Connectivity Checks: "Cronus:inst|SynchronousCounter:SCS1|myJKFF:JKFF3"
 12. Port Connectivity Checks: "Cronus:inst|SynchronousCounter:SCS1|myJKFF:JKFF2"
 13. Port Connectivity Checks: "Cronus:inst|SynchronousCounter:SCS1|myJKFF:JKFF1"
 14. Port Connectivity Checks: "Cronus:inst|SynchronousCounter:SCS1|myJKFF:JKFF0"
 15. Port Connectivity Checks: "Cronus:inst|SynchronousCounter:SCMS0|myJKFF:JKFF3"
 16. Port Connectivity Checks: "Cronus:inst|SynchronousCounter:SCMS0|myJKFF:JKFF2"
 17. Port Connectivity Checks: "Cronus:inst|SynchronousCounter:SCMS0|myJKFF:JKFF1"
 18. Port Connectivity Checks: "Cronus:inst|SynchronousCounter:SCMS0|myJKFF:JKFF0"
 19. Port Connectivity Checks: "Cronus:inst|myJKFF:JKFF"
 20. Post-Synthesis Netlist Statistics for Top Partition
 21. Elapsed Time Per Partition
 22. Analysis & Synthesis Messages



----------------
; Legal Notice ;
----------------
Copyright (C) 2018  Intel Corporation. All rights reserved.
Your use of Intel Corporation's design tools, logic functions 
and other software and tools, and its AMPP partner logic 
functions, and any output files from any of the foregoing 
(including device programming or simulation files), and any 
associated documentation or information are expressly subject 
to the terms and conditions of the Intel Program License 
Subscription Agreement, the Intel Quartus Prime License Agreement,
the Intel FPGA IP License Agreement, or other applicable license
agreement, including, without limitation, that your use is for
the sole purpose of programming logic devices manufactured by
Intel and sold by Intel or its authorized distributors.  Please
refer to the applicable agreement for further details.



+----------------------------------------------------------------------------------+
; Analysis & Synthesis Summary                                                     ;
+------------------------------------+---------------------------------------------+
; Analysis & Synthesis Status        ; Successful - Thu May 02 15:15:49 2024       ;
; Quartus Prime Version              ; 18.1.0 Build 625 09/12/2018 SJ Lite Edition ;
; Revision Name                      ; Lab4                                        ;
; Top-level Entity Name              ; Lab4                                        ;
; Family                             ; MAX 10                                      ;
; Total logic elements               ; 171                                         ;
;     Total combinational functions  ; 171                                         ;
;     Dedicated logic registers      ; 58                                          ;
; Total registers                    ; 58                                          ;
; Total pins                         ; 47                                          ;
; Total virtual pins                 ; 0                                           ;
; Total memory bits                  ; 0                                           ;
; Embedded Multiplier 9-bit elements ; 0                                           ;
; Total PLLs                         ; 0                                           ;
; UFM blocks                         ; 0                                           ;
; ADC blocks                         ; 0                                           ;
+------------------------------------+---------------------------------------------+


+------------------------------------------------------------------------------------------------------------+
; Analysis & Synthesis Settings                                                                              ;
+------------------------------------------------------------------+--------------------+--------------------+
; Option                                                           ; Setting            ; Default Value      ;
+------------------------------------------------------------------+--------------------+--------------------+
; Device                                                           ; 10M50DAF484C7G     ;                    ;
; Top-level entity name                                            ; Lab4               ; Lab4               ;
; Family name                                                      ; MAX 10             ; Cyclone V          ;
; Use smart compilation                                            ; Off                ; Off                ;
; Enable parallel Assembler and Timing Analyzer during compilation ; On                 ; On                 ;
; Enable compact report table                                      ; Off                ; Off                ;
; Restructure Multiplexers                                         ; Auto               ; Auto               ;
; Create Debugging Nodes for IP Cores                              ; Off                ; Off                ;
; Preserve fewer node names                                        ; On                 ; On                 ;
; Intel FPGA IP Evaluation Mode                                    ; Enable             ; Enable             ;
; Verilog Version                                                  ; Verilog_2001       ; Verilog_2001       ;
; VHDL Version                                                     ; VHDL_1993          ; VHDL_1993          ;
; State Machine Processing                                         ; Auto               ; Auto               ;
; Safe State Machine                                               ; Off                ; Off                ;
; Extract Verilog State Machines                                   ; On                 ; On                 ;
; Extract VHDL State Machines                                      ; On                 ; On                 ;
; Ignore Verilog initial constructs                                ; Off                ; Off                ;
; Iteration limit for constant Verilog loops                       ; 5000               ; 5000               ;
; Iteration limit for non-constant Verilog loops                   ; 250                ; 250                ;
; Add Pass-Through Logic to Inferred RAMs                          ; On                 ; On                 ;
; Infer RAMs from Raw Logic                                        ; On                 ; On                 ;
; Parallel Synthesis                                               ; On                 ; On                 ;
; DSP Block Balancing                                              ; Auto               ; Auto               ;
; NOT Gate Push-Back                                               ; On                 ; On                 ;
; Power-Up Don't Care                                              ; On                 ; On                 ;
; Remove Redundant Logic Cells                                     ; Off                ; Off                ;
; Remove Duplicate Registers                                       ; On                 ; On                 ;
; Ignore CARRY Buffers                                             ; Off                ; Off                ;
; Ignore CASCADE Buffers                                           ; Off                ; Off                ;
; Ignore GLOBAL Buffers                                            ; Off                ; Off                ;
; Ignore ROW GLOBAL Buffers                                        ; Off                ; Off                ;
; Ignore LCELL Buffers                                             ; Off                ; Off                ;
; Ignore SOFT Buffers                                              ; On                 ; On                 ;
; Limit AHDL Integers to 32 Bits                                   ; Off                ; Off                ;
; Optimization Technique                                           ; Balanced           ; Balanced           ;
; Carry Chain Length                                               ; 70                 ; 70                 ;
; Auto Carry Chains                                                ; On                 ; On                 ;
; Auto Open-Drain Pins                                             ; On                 ; On                 ;
; Perform WYSIWYG Primitive Resynthesis                            ; Off                ; Off                ;
; Auto ROM Replacement                                             ; On                 ; On                 ;
; Auto RAM Replacement                                             ; On                 ; On                 ;
; Auto DSP Block Replacement                                       ; On                 ; On                 ;
; Auto Shift Register Replacement                                  ; Auto               ; Auto               ;
; Allow Shift Register Merging across Hierarchies                  ; Auto               ; Auto               ;
; Auto Clock Enable Replacement                                    ; On                 ; On                 ;
; Strict RAM Replacement                                           ; Off                ; Off                ;
; Allow Synchronous Control Signals                                ; On                 ; On                 ;
; Force Use of Synchronous Clear Signals                           ; Off                ; Off                ;
; Auto RAM Block Balancing                                         ; On                 ; On                 ;
; Auto RAM to Logic Cell Conversion                                ; Off                ; Off                ;
; Auto Resource Sharing                                            ; Off                ; Off                ;
; Allow Any RAM Size For Recognition                               ; Off                ; Off                ;
; Allow Any ROM Size For Recognition                               ; Off                ; Off                ;
; Allow Any Shift Register Size For Recognition                    ; Off                ; Off                ;
; Use LogicLock Constraints during Resource Balancing              ; On                 ; On                 ;
; Ignore translate_off and synthesis_off directives                ; Off                ; Off                ;
; Timing-Driven Synthesis                                          ; On                 ; On                 ;
; Report Parameter Settings                                        ; On                 ; On                 ;
; Report Source Assignments                                        ; On                 ; On                 ;
; Report Connectivity Checks                                       ; On                 ; On                 ;
; Ignore Maximum Fan-Out Assignments                               ; Off                ; Off                ;
; Synchronization Register Chain Length                            ; 2                  ; 2                  ;
; Power Optimization During Synthesis                              ; Normal compilation ; Normal compilation ;
; HDL message level                                                ; Level2             ; Level2             ;
; Suppress Register Optimization Related Messages                  ; Off                ; Off                ;
; Number of Removed Registers Reported in Synthesis Report         ; 5000               ; 5000               ;
; Number of Swept Nodes Reported in Synthesis Report               ; 5000               ; 5000               ;
; Number of Inverted Registers Reported in Synthesis Report        ; 100                ; 100                ;
; Clock MUX Protection                                             ; On                 ; On                 ;
; Auto Gated Clock Conversion                                      ; Off                ; Off                ;
; Block Design Naming                                              ; Auto               ; Auto               ;
; SDC constraint protection                                        ; Off                ; Off                ;
; Synthesis Effort                                                 ; Auto               ; Auto               ;
; Shift Register Replacement - Allow Asynchronous Clear Signal     ; On                 ; On                 ;
; Pre-Mapping Resynthesis Optimization                             ; Off                ; Off                ;
; Analysis & Synthesis Message Level                               ; Medium             ; Medium             ;
; Disable Register Merging Across Hierarchies                      ; Auto               ; Auto               ;
; Resource Aware Inference For Block RAM                           ; On                 ; On                 ;
+------------------------------------------------------------------+--------------------+--------------------+


+------------------------------------------+
; Parallel Compilation                     ;
+----------------------------+-------------+
; Processors                 ; Number      ;
+----------------------------+-------------+
; Number detected on machine ; 12          ;
; Maximum allowed            ; 10          ;
;                            ;             ;
; Average used               ; 1.00        ;
; Maximum used               ; 10          ;
;                            ;             ;
; Usage by Processor         ; % Time Used ;
;     Processor 1            ; 100.0%      ;
;     Processor 2            ;   0.0%      ;
;     Processors 3-10        ;   0.0%      ;
+----------------------------+-------------+


+-----------------------------------------------------------------------------------------------------------------------------------------------------------------------+
; Analysis & Synthesis Source Files Read                                                                                                                                ;
+----------------------------------+-----------------+------------------------------------+-------------------------------------------------------------------+---------+
; File Name with User-Entered Path ; Used in Netlist ; File Type                          ; File Name with Absolute Path                                      ; Library ;
+----------------------------------+-----------------+------------------------------------+-------------------------------------------------------------------+---------+
; Cronometro.vhd                   ; yes             ; User VHDL File                     ; C:/Users/Lillo/Documents/Circuitos_Digitais/lab4/Cronometro.vhd   ;         ;
; myJKFF.vhd                       ; yes             ; User VHDL File                     ; C:/Users/Lillo/Documents/Circuitos_Digitais/lab4/myJKFF.vhd       ;         ;
; Lab4.bdf                         ; yes             ; User Block Diagram/Schematic File  ; C:/Users/Lillo/Documents/Circuitos_Digitais/lab4/Lab4.bdf         ;         ;
; Sync_Counter.vhd                 ; yes             ; User VHDL File                     ; C:/Users/Lillo/Documents/Circuitos_Digitais/lab4/Sync_Counter.vhd ;         ;
+----------------------------------+-----------------+------------------------------------+-------------------------------------------------------------------+---------+


+--------------------------------------------------------------------------+
; Analysis & Synthesis Resource Usage Summary                              ;
+---------------------------------------------+----------------------------+
; Resource                                    ; Usage                      ;
+---------------------------------------------+----------------------------+
; Estimated Total logic elements              ; 171                        ;
;                                             ;                            ;
; Total combinational functions               ; 171                        ;
; Logic element usage by number of LUT inputs ;                            ;
;     -- 4 input functions                    ; 110                        ;
;     -- 3 input functions                    ; 6                          ;
;     -- <=2 input functions                  ; 55                         ;
;                                             ;                            ;
; Logic elements by mode                      ;                            ;
;     -- normal mode                          ; 140                        ;
;     -- arithmetic mode                      ; 31                         ;
;                                             ;                            ;
; Total registers                             ; 58                         ;
;     -- Dedicated logic registers            ; 58                         ;
;     -- I/O registers                        ; 0                          ;
;                                             ;                            ;
; I/O pins                                    ; 47                         ;
;                                             ;                            ;
; Embedded Multiplier 9-bit elements          ; 0                          ;
;                                             ;                            ;
; Maximum fan-out node                        ; Cronus:inst|myJKFF:JKFF|TQ ;
; Maximum fan-out                             ; 35                         ;
; Total fan-out                               ; 822                        ;
; Average fan-out                             ; 2.54                       ;
+---------------------------------------------+----------------------------+


+-------------------------------------------------------------------------------------------------------------------------------------------------------------------------------------------------------------------------------------------------------------------------------------+
; Analysis & Synthesis Resource Utilization by Entity                                                                                                                                                                                                                                 ;
+----------------------------------+---------------------+---------------------------+-------------+------------+--------------+---------+-----------+------+--------------+------------+---------------------------------------------------------+--------------------+--------------+
; Compilation Hierarchy Node       ; Combinational ALUTs ; Dedicated Logic Registers ; Memory Bits ; UFM Blocks ; DSP Elements ; DSP 9x9 ; DSP 18x18 ; Pins ; Virtual Pins ; ADC blocks ; Full Hierarchy Name                                     ; Entity Name        ; Library Name ;
+----------------------------------+---------------------+---------------------------+-------------+------------+--------------+---------+-----------+------+--------------+------------+---------------------------------------------------------+--------------------+--------------+
; |Lab4                            ; 171 (0)             ; 58 (0)                    ; 0           ; 0          ; 0            ; 0       ; 0         ; 47   ; 0            ; 0          ; |Lab4                                                   ; Lab4               ; work         ;
;    |Cronus:inst|                 ; 171 (134)           ; 58 (33)                   ; 0           ; 0          ; 0            ; 0       ; 0         ; 0    ; 0            ; 0          ; |Lab4|Cronus:inst                                       ; Cronus             ; work         ;
;       |SynchronousCounter:SCMS0| ; 6 (2)               ; 4 (0)                     ; 0           ; 0          ; 0            ; 0       ; 0         ; 0    ; 0            ; 0          ; |Lab4|Cronus:inst|SynchronousCounter:SCMS0              ; SynchronousCounter ; work         ;
;          |myJKFF:JKFF0|          ; 1 (1)               ; 1 (1)                     ; 0           ; 0          ; 0            ; 0       ; 0         ; 0    ; 0            ; 0          ; |Lab4|Cronus:inst|SynchronousCounter:SCMS0|myJKFF:JKFF0 ; myJKFF             ; work         ;
;          |myJKFF:JKFF1|          ; 1 (1)               ; 1 (1)                     ; 0           ; 0          ; 0            ; 0       ; 0         ; 0    ; 0            ; 0          ; |Lab4|Cronus:inst|SynchronousCounter:SCMS0|myJKFF:JKFF1 ; myJKFF             ; work         ;
;          |myJKFF:JKFF2|          ; 1 (1)               ; 1 (1)                     ; 0           ; 0          ; 0            ; 0       ; 0         ; 0    ; 0            ; 0          ; |Lab4|Cronus:inst|SynchronousCounter:SCMS0|myJKFF:JKFF2 ; myJKFF             ; work         ;
;          |myJKFF:JKFF3|          ; 1 (1)               ; 1 (1)                     ; 0           ; 0          ; 0            ; 0       ; 0         ; 0    ; 0            ; 0          ; |Lab4|Cronus:inst|SynchronousCounter:SCMS0|myJKFF:JKFF3 ; myJKFF             ; work         ;
;       |SynchronousCounter:SCMS1| ; 6 (2)               ; 4 (0)                     ; 0           ; 0          ; 0            ; 0       ; 0         ; 0    ; 0            ; 0          ; |Lab4|Cronus:inst|SynchronousCounter:SCMS1              ; SynchronousCounter ; work         ;
;          |myJKFF:JKFF0|          ; 1 (1)               ; 1 (1)                     ; 0           ; 0          ; 0            ; 0       ; 0         ; 0    ; 0            ; 0          ; |Lab4|Cronus:inst|SynchronousCounter:SCMS1|myJKFF:JKFF0 ; myJKFF             ; work         ;
;          |myJKFF:JKFF1|          ; 1 (1)               ; 1 (1)                     ; 0           ; 0          ; 0            ; 0       ; 0         ; 0    ; 0            ; 0          ; |Lab4|Cronus:inst|SynchronousCounter:SCMS1|myJKFF:JKFF1 ; myJKFF             ; work         ;
;          |myJKFF:JKFF2|          ; 1 (1)               ; 1 (1)                     ; 0           ; 0          ; 0            ; 0       ; 0         ; 0    ; 0            ; 0          ; |Lab4|Cronus:inst|SynchronousCounter:SCMS1|myJKFF:JKFF2 ; myJKFF             ; work         ;
;          |myJKFF:JKFF3|          ; 1 (1)               ; 1 (1)                     ; 0           ; 0          ; 0            ; 0       ; 0         ; 0    ; 0            ; 0          ; |Lab4|Cronus:inst|SynchronousCounter:SCMS1|myJKFF:JKFF3 ; myJKFF             ; work         ;
;       |SynchronousCounter:SCMS2| ; 6 (2)               ; 4 (0)                     ; 0           ; 0          ; 0            ; 0       ; 0         ; 0    ; 0            ; 0          ; |Lab4|Cronus:inst|SynchronousCounter:SCMS2              ; SynchronousCounter ; work         ;
;          |myJKFF:JKFF0|          ; 1 (1)               ; 1 (1)                     ; 0           ; 0          ; 0            ; 0       ; 0         ; 0    ; 0            ; 0          ; |Lab4|Cronus:inst|SynchronousCounter:SCMS2|myJKFF:JKFF0 ; myJKFF             ; work         ;
;          |myJKFF:JKFF1|          ; 1 (1)               ; 1 (1)                     ; 0           ; 0          ; 0            ; 0       ; 0         ; 0    ; 0            ; 0          ; |Lab4|Cronus:inst|SynchronousCounter:SCMS2|myJKFF:JKFF1 ; myJKFF             ; work         ;
;          |myJKFF:JKFF2|          ; 1 (1)               ; 1 (1)                     ; 0           ; 0          ; 0            ; 0       ; 0         ; 0    ; 0            ; 0          ; |Lab4|Cronus:inst|SynchronousCounter:SCMS2|myJKFF:JKFF2 ; myJKFF             ; work         ;
;          |myJKFF:JKFF3|          ; 1 (1)               ; 1 (1)                     ; 0           ; 0          ; 0            ; 0       ; 0         ; 0    ; 0            ; 0          ; |Lab4|Cronus:inst|SynchronousCounter:SCMS2|myJKFF:JKFF3 ; myJKFF             ; work         ;
;       |SynchronousCounter:SCM|   ; 6 (2)               ; 4 (0)                     ; 0           ; 0          ; 0            ; 0       ; 0         ; 0    ; 0            ; 0          ; |Lab4|Cronus:inst|SynchronousCounter:SCM                ; SynchronousCounter ; work         ;
;          |myJKFF:JKFF0|          ; 1 (1)               ; 1 (1)                     ; 0           ; 0          ; 0            ; 0       ; 0         ; 0    ; 0            ; 0          ; |Lab4|Cronus:inst|SynchronousCounter:SCM|myJKFF:JKFF0   ; myJKFF             ; work         ;
;          |myJKFF:JKFF1|          ; 1 (1)               ; 1 (1)                     ; 0           ; 0          ; 0            ; 0       ; 0         ; 0    ; 0            ; 0          ; |Lab4|Cronus:inst|SynchronousCounter:SCM|myJKFF:JKFF1   ; myJKFF             ; work         ;
;          |myJKFF:JKFF2|          ; 1 (1)               ; 1 (1)                     ; 0           ; 0          ; 0            ; 0       ; 0         ; 0    ; 0            ; 0          ; |Lab4|Cronus:inst|SynchronousCounter:SCM|myJKFF:JKFF2   ; myJKFF             ; work         ;
;          |myJKFF:JKFF3|          ; 1 (1)               ; 1 (1)                     ; 0           ; 0          ; 0            ; 0       ; 0         ; 0    ; 0            ; 0          ; |Lab4|Cronus:inst|SynchronousCounter:SCM|myJKFF:JKFF3   ; myJKFF             ; work         ;
;       |SynchronousCounter:SCS0|  ; 6 (2)               ; 4 (0)                     ; 0           ; 0          ; 0            ; 0       ; 0         ; 0    ; 0            ; 0          ; |Lab4|Cronus:inst|SynchronousCounter:SCS0               ; SynchronousCounter ; work         ;
;          |myJKFF:JKFF0|          ; 1 (1)               ; 1 (1)                     ; 0           ; 0          ; 0            ; 0       ; 0         ; 0    ; 0            ; 0          ; |Lab4|Cronus:inst|SynchronousCounter:SCS0|myJKFF:JKFF0  ; myJKFF             ; work         ;
;          |myJKFF:JKFF1|          ; 1 (1)               ; 1 (1)                     ; 0           ; 0          ; 0            ; 0       ; 0         ; 0    ; 0            ; 0          ; |Lab4|Cronus:inst|SynchronousCounter:SCS0|myJKFF:JKFF1  ; myJKFF             ; work         ;
;          |myJKFF:JKFF2|          ; 1 (1)               ; 1 (1)                     ; 0           ; 0          ; 0            ; 0       ; 0         ; 0    ; 0            ; 0          ; |Lab4|Cronus:inst|SynchronousCounter:SCS0|myJKFF:JKFF2  ; myJKFF             ; work         ;
;          |myJKFF:JKFF3|          ; 1 (1)               ; 1 (1)                     ; 0           ; 0          ; 0            ; 0       ; 0         ; 0    ; 0            ; 0          ; |Lab4|Cronus:inst|SynchronousCounter:SCS0|myJKFF:JKFF3  ; myJKFF             ; work         ;
;       |SynchronousCounter:SCS1|  ; 6 (2)               ; 4 (0)                     ; 0           ; 0          ; 0            ; 0       ; 0         ; 0    ; 0            ; 0          ; |Lab4|Cronus:inst|SynchronousCounter:SCS1               ; SynchronousCounter ; work         ;
;          |myJKFF:JKFF0|          ; 1 (1)               ; 1 (1)                     ; 0           ; 0          ; 0            ; 0       ; 0         ; 0    ; 0            ; 0          ; |Lab4|Cronus:inst|SynchronousCounter:SCS1|myJKFF:JKFF0  ; myJKFF             ; work         ;
;          |myJKFF:JKFF1|          ; 1 (1)               ; 1 (1)                     ; 0           ; 0          ; 0            ; 0       ; 0         ; 0    ; 0            ; 0          ; |Lab4|Cronus:inst|SynchronousCounter:SCS1|myJKFF:JKFF1  ; myJKFF             ; work         ;
;          |myJKFF:JKFF2|          ; 1 (1)               ; 1 (1)                     ; 0           ; 0          ; 0            ; 0       ; 0         ; 0    ; 0            ; 0          ; |Lab4|Cronus:inst|SynchronousCounter:SCS1|myJKFF:JKFF2  ; myJKFF             ; work         ;
;          |myJKFF:JKFF3|          ; 1 (1)               ; 1 (1)                     ; 0           ; 0          ; 0            ; 0       ; 0         ; 0    ; 0            ; 0          ; |Lab4|Cronus:inst|SynchronousCounter:SCS1|myJKFF:JKFF3  ; myJKFF             ; work         ;
;       |myJKFF:JKFF|              ; 1 (1)               ; 1 (1)                     ; 0           ; 0          ; 0            ; 0       ; 0         ; 0    ; 0            ; 0          ; |Lab4|Cronus:inst|myJKFF:JKFF                           ; myJKFF             ; work         ;
+----------------------------------+---------------------+---------------------------+-------------+------------+--------------+---------+-----------+------+--------------+------------+---------------------------------------------------------+--------------------+--------------+
Note: For table entries with two numbers listed, the numbers in parentheses indicate the number of resources of the given type used by the specific entity alone. The numbers listed outside of parentheses indicate the total resources of the given type used by the specific entity and all of its sub-entities in the hierarchy.


+------------------------------------------------------------+
; Logic Cells Representing Combinational Loops               ;
+--------------------------------------------------------+---+
; Logic Cell Name                                        ;   ;
+--------------------------------------------------------+---+
; Cronus:inst|comb~1                                     ;   ;
; Number of logic cells representing combinational loops ; 1 ;
+--------------------------------------------------------+---+
Note: All cells listed above may not be present at the end of synthesis due to various synthesis optimizations.


+------------------------------------------------------+
; General Register Statistics                          ;
+----------------------------------------------+-------+
; Statistic                                    ; Value ;
+----------------------------------------------+-------+
; Total registers                              ; 58    ;
; Number of registers using Synchronous Clear  ; 0     ;
; Number of registers using Synchronous Load   ; 0     ;
; Number of registers using Asynchronous Clear ; 25    ;
; Number of registers using Asynchronous Load  ; 0     ;
; Number of registers using Clock Enable       ; 32    ;
; Number of registers using Preset             ; 0     ;
+----------------------------------------------+-------+


+--------------------------------------------------+
; Inverted Register Statistics                     ;
+----------------------------------------+---------+
; Inverted Register                      ; Fan out ;
+----------------------------------------+---------+
; Cronus:inst|count[0]                   ; 2       ;
; Total number of inverted registers = 1 ;         ;
+----------------------------------------+---------+


+------------------------------------------------------------------------------------------------------------------+
; Port Connectivity Checks: "Cronus:inst|SynchronousCounter:SCS1|myJKFF:JKFF3"                                     ;
+--------+--------+----------+-------------------------------------------------------------------------------------+
; Port   ; Type   ; Severity ; Details                                                                             ;
+--------+--------+----------+-------------------------------------------------------------------------------------+
; preset ; Input  ; Info     ; Stuck at VCC                                                                        ;
; qbar   ; Output ; Info     ; Connected to dangling logic. Logic that only feeds a dangling port will be removed. ;
+--------+--------+----------+-------------------------------------------------------------------------------------+


+------------------------------------------------------------------------------------------------------------------+
; Port Connectivity Checks: "Cronus:inst|SynchronousCounter:SCS1|myJKFF:JKFF2"                                     ;
+--------+--------+----------+-------------------------------------------------------------------------------------+
; Port   ; Type   ; Severity ; Details                                                                             ;
+--------+--------+----------+-------------------------------------------------------------------------------------+
; preset ; Input  ; Info     ; Stuck at VCC                                                                        ;
; qbar   ; Output ; Info     ; Connected to dangling logic. Logic that only feeds a dangling port will be removed. ;
+--------+--------+----------+-------------------------------------------------------------------------------------+


+------------------------------------------------------------------------------------------------------------------+
; Port Connectivity Checks: "Cronus:inst|SynchronousCounter:SCS1|myJKFF:JKFF1"                                     ;
+--------+--------+----------+-------------------------------------------------------------------------------------+
; Port   ; Type   ; Severity ; Details                                                                             ;
+--------+--------+----------+-------------------------------------------------------------------------------------+
; preset ; Input  ; Info     ; Stuck at VCC                                                                        ;
; qbar   ; Output ; Info     ; Connected to dangling logic. Logic that only feeds a dangling port will be removed. ;
+--------+--------+----------+-------------------------------------------------------------------------------------+


+------------------------------------------------------------------------------------------------------------------+
; Port Connectivity Checks: "Cronus:inst|SynchronousCounter:SCS1|myJKFF:JKFF0"                                     ;
+--------+--------+----------+-------------------------------------------------------------------------------------+
; Port   ; Type   ; Severity ; Details                                                                             ;
+--------+--------+----------+-------------------------------------------------------------------------------------+
; j      ; Input  ; Info     ; Stuck at VCC                                                                        ;
; k      ; Input  ; Info     ; Stuck at VCC                                                                        ;
; preset ; Input  ; Info     ; Stuck at VCC                                                                        ;
; qbar   ; Output ; Info     ; Connected to dangling logic. Logic that only feeds a dangling port will be removed. ;
+--------+--------+----------+-------------------------------------------------------------------------------------+


+------------------------------------------------------------------------------------------------------------------+
; Port Connectivity Checks: "Cronus:inst|SynchronousCounter:SCMS0|myJKFF:JKFF3"                                    ;
+--------+--------+----------+-------------------------------------------------------------------------------------+
; Port   ; Type   ; Severity ; Details                                                                             ;
+--------+--------+----------+-------------------------------------------------------------------------------------+
; preset ; Input  ; Info     ; Stuck at VCC                                                                        ;
; qbar   ; Output ; Info     ; Connected to dangling logic. Logic that only feeds a dangling port will be removed. ;
+--------+--------+----------+-------------------------------------------------------------------------------------+


+------------------------------------------------------------------------------------------------------------------+
; Port Connectivity Checks: "Cronus:inst|SynchronousCounter:SCMS0|myJKFF:JKFF2"                                    ;
+--------+--------+----------+-------------------------------------------------------------------------------------+
; Port   ; Type   ; Severity ; Details                                                                             ;
+--------+--------+----------+-------------------------------------------------------------------------------------+
; preset ; Input  ; Info     ; Stuck at VCC                                                                        ;
; qbar   ; Output ; Info     ; Connected to dangling logic. Logic that only feeds a dangling port will be removed. ;
+--------+--------+----------+-------------------------------------------------------------------------------------+


+------------------------------------------------------------------------------------------------------------------+
; Port Connectivity Checks: "Cronus:inst|SynchronousCounter:SCMS0|myJKFF:JKFF1"                                    ;
+--------+--------+----------+-------------------------------------------------------------------------------------+
; Port   ; Type   ; Severity ; Details                                                                             ;
+--------+--------+----------+-------------------------------------------------------------------------------------+
; preset ; Input  ; Info     ; Stuck at VCC                                                                        ;
; qbar   ; Output ; Info     ; Connected to dangling logic. Logic that only feeds a dangling port will be removed. ;
+--------+--------+----------+-------------------------------------------------------------------------------------+


+------------------------------------------------------------------------------------------------------------------+
; Port Connectivity Checks: "Cronus:inst|SynchronousCounter:SCMS0|myJKFF:JKFF0"                                    ;
+--------+--------+----------+-------------------------------------------------------------------------------------+
; Port   ; Type   ; Severity ; Details                                                                             ;
+--------+--------+----------+-------------------------------------------------------------------------------------+
; j      ; Input  ; Info     ; Stuck at VCC                                                                        ;
; k      ; Input  ; Info     ; Stuck at VCC                                                                        ;
; preset ; Input  ; Info     ; Stuck at VCC                                                                        ;
; qbar   ; Output ; Info     ; Connected to dangling logic. Logic that only feeds a dangling port will be removed. ;
+--------+--------+----------+-------------------------------------------------------------------------------------+


+------------------------------------------------------------------------------------------------------------------+
; Port Connectivity Checks: "Cronus:inst|myJKFF:JKFF"                                                              ;
+--------+--------+----------+-------------------------------------------------------------------------------------+
; Port   ; Type   ; Severity ; Details                                                                             ;
+--------+--------+----------+-------------------------------------------------------------------------------------+
; j      ; Input  ; Info     ; Stuck at VCC                                                                        ;
; k      ; Input  ; Info     ; Stuck at VCC                                                                        ;
; preset ; Input  ; Info     ; Stuck at VCC                                                                        ;
; qbar   ; Output ; Info     ; Connected to dangling logic. Logic that only feeds a dangling port will be removed. ;
+--------+--------+----------+-------------------------------------------------------------------------------------+


+-----------------------------------------------------+
; Post-Synthesis Netlist Statistics for Top Partition ;
+-----------------------+-----------------------------+
; Type                  ; Count                       ;
+-----------------------+-----------------------------+
; boundary_port         ; 47                          ;
; cycloneiii_ff         ; 58                          ;
;     CLR               ; 25                          ;
;     ENA               ; 32                          ;
;     plain             ; 1                           ;
; cycloneiii_lcell_comb ; 177                         ;
;     arith             ; 31                          ;
;         2 data inputs ; 31                          ;
;     normal            ; 146                         ;
;         1 data inputs ; 14                          ;
;         2 data inputs ; 16                          ;
;         3 data inputs ; 6                           ;
;         4 data inputs ; 110                         ;
;                       ;                             ;
; Max LUT depth         ; 5.10                        ;
; Average LUT depth     ; 3.17                        ;
+-----------------------+-----------------------------+


+-------------------------------+
; Elapsed Time Per Partition    ;
+----------------+--------------+
; Partition Name ; Elapsed Time ;
+----------------+--------------+
; Top            ; 00:00:00     ;
+----------------+--------------+


+-------------------------------+
; Analysis & Synthesis Messages ;
+-------------------------------+
Info: *******************************************************************
Info: Running Quartus Prime Analysis & Synthesis
    Info: Version 18.1.0 Build 625 09/12/2018 SJ Lite Edition
    Info: Processing started: Thu May 02 15:15:40 2024
Info: Command: quartus_map --read_settings_files=on --write_settings_files=off Lab4 -c Lab4
Warning (18236): Number of processors has not been specified which may cause overloading on shared machines.  Set the global assignment NUM_PARALLEL_PROCESSORS in your QSF to an appropriate value for best performance.
Info (20030): Parallel compilation is enabled and will use 10 of the 10 processors detected
Info (12021): Found 2 design units, including 1 entities, in source file cronometro.vhd
    Info (12022): Found design unit 1: Cronus-Behavior File: C:/Users/Lillo/Documents/Circuitos_Digitais/lab4/Cronometro.vhd Line: 12
    Info (12023): Found entity 1: Cronus File: C:/Users/Lillo/Documents/Circuitos_Digitais/lab4/Cronometro.vhd Line: 4
Info (12021): Found 2 design units, including 1 entities, in source file myjkff.vhd
    Info (12022): Found design unit 1: myJKFF-Behavior File: C:/Users/Lillo/Documents/Circuitos_Digitais/lab4/myJKFF.vhd Line: 13
    Info (12023): Found entity 1: myJKFF File: C:/Users/Lillo/Documents/Circuitos_Digitais/lab4/myJKFF.vhd Line: 4
Info (12021): Found 1 design units, including 1 entities, in source file lab4.bdf
    Info (12023): Found entity 1: Lab4
Info (12021): Found 3 design units, including 1 entities, in source file sync_counter.vhd
    Info (12022): Found design unit 1: SynchronousCounter-Behavior File: C:/Users/Lillo/Documents/Circuitos_Digitais/lab4/Sync_Counter.vhd Line: 13
    Info (12022): Found design unit 2: SynchronousCounter-Behavior5 File: C:/Users/Lillo/Documents/Circuitos_Digitais/lab4/Sync_Counter.vhd Line: 72
    Info (12023): Found entity 1: SynchronousCounter File: C:/Users/Lillo/Documents/Circuitos_Digitais/lab4/Sync_Counter.vhd Line: 4
Info (12127): Elaborating entity "Lab4" for the top level hierarchy
Info (12128): Elaborating entity "Cronus" for hierarchy "Cronus:inst"
Warning (10540): VHDL Signal Declaration warning at Cronometro.vhd(18): used explicit default value for signal "wire" because signal was never assigned a value File: C:/Users/Lillo/Documents/Circuitos_Digitais/lab4/Cronometro.vhd Line: 18
Info (12129): Elaborating entity "myJKFF" using architecture "A:behavior" for hierarchy "Cronus:inst|myJKFF:JKFF" File: C:/Users/Lillo/Documents/Circuitos_Digitais/lab4/Cronometro.vhd Line: 26
Info (12129): Elaborating entity "SynchronousCounter" using architecture "A:behavior" for hierarchy "Cronus:inst|SynchronousCounter:SCMS0" File: C:/Users/Lillo/Documents/Circuitos_Digitais/lab4/Cronometro.vhd Line: 67
Info (12129): Elaborating entity "SynchronousCounter" using architecture "A:behavior5" for hierarchy "Cronus:inst|SynchronousCounter:SCS1" File: C:/Users/Lillo/Documents/Circuitos_Digitais/lab4/Cronometro.vhd Line: 95
Warning (10492): VHDL Process Statement warning at Sync_Counter.vhd(125): signal "RESET" is read inside the Process Statement but isn't in the Process Statement's sensitivity list File: C:/Users/Lillo/Documents/Circuitos_Digitais/lab4/Sync_Counter.vhd Line: 125
Info (286030): Timing-Driven Synthesis is running
Info (16010): Generating hard_block partition "hard_block:auto_generated_inst"
    Info (16011): Adding 0 node(s), including 0 DDIO, 0 PLL, 0 transceiver and 0 LCELL
Info (21057): Implemented 218 device resources after synthesis - the final resource count might be different
    Info (21058): Implemented 5 input pins
    Info (21059): Implemented 42 output pins
    Info (21061): Implemented 171 logic cells
Info: Quartus Prime Analysis & Synthesis was successful. 0 errors, 3 warnings
    Info: Peak virtual memory: 4836 megabytes
    Info: Processing ended: Thu May 02 15:15:49 2024
    Info: Elapsed time: 00:00:09
    Info: Total CPU time (on all processors): 00:00:18


